<?xml version="1.0" encoding="UTF-8"?>
<testng-results ignored="0" total="2" passed="2" failed="0" skipped="0">
  <reporter-output>
  </reporter-output>
  <suite started-at="2022-11-27T13:57:30 EET" name="Default suite" finished-at="2022-11-27T13:57:50 EET" duration-ms="19856">
    <groups>
    </groups>
    <test started-at="2022-11-27T13:57:30 EET" name="Default test" finished-at="2022-11-27T13:57:50 EET" duration-ms="19856">
      <class name="SmartBuy">
        <test-method is-config="true" signature="this_is_before_test()[pri:0, instance:SmartBuy@20d28811]" started-at="2022-11-27T13:57:31 EET" name="this_is_before_test" finished-at="2022-11-27T13:57:40 EET" duration-ms="9769" status="PASS">
          <reporter-output>
          </reporter-output>
        </test-method> <!-- this_is_before_test -->
        <test-method signature="Test_adding_items_SAMSUNG_50_inch()[pri:0, instance:SmartBuy@20d28811]" started-at="2022-11-27T13:57:40 EET" name="Test_adding_items_SAMSUNG_50_inch" finished-at="2022-11-27T13:57:49 EET" duration-ms="8263" status="PASS">
          <reporter-output>
          </reporter-output>
        </test-method> <!-- Test_adding_items_SAMSUNG_50_inch -->
        <test-method signature="check_the_correct_price()[pri:0, instance:SmartBuy@20d28811]" started-at="2022-11-27T13:57:49 EET" name="check_the_correct_price" finished-at="2022-11-27T13:57:50 EET" duration-ms="1766" status="PASS">
          <reporter-output>
          </reporter-output>
        </test-method> <!-- check_the_correct_price -->
      </class> <!-- SmartBuy -->
    </test> <!-- Default test -->
  </suite> <!-- Default suite -->
</testng-results>
